2021-11-22 14:46:04,373 - instabot version: 0.117.0 (bot) - INFO - Instabot version: 0.117.0 Started
2021-11-22 14:46:04,373 - instabot version: 0.117.0 (bot) - DEBUG - Bot imported from C:\Users\Laureano\Documents\Developing\InstagramBot\lib\site-packages\instabot\bot\bot.py
2021-11-22 14:46:04,373 - instabot version: 0.117.0 (api_login) - INFO - Not yet logged in starting: PRE-LOGIN FLOW!
2021-11-22 14:46:07,100 - instabot version: 0.117.0 (api) - DEBUG - POST to endpoint: accounts/get_prefill_candidates/ returned response: <Response [200]>
2021-11-22 14:46:10,583 - instabot version: 0.117.0 (api) - DEBUG - POST to endpoint: qe/sync/ returned response: <Response [200]>
2021-11-22 14:46:13,096 - instabot version: 0.117.0 (api) - DEBUG - POST to endpoint: launcher/sync/ returned response: <Response [200]>
2021-11-22 14:46:15,710 - instabot version: 0.117.0 (api) - DEBUG - POST to endpoint: accounts/contact_point_prefill/ returned response: <Response [200]>
2021-11-22 14:46:18,407 - instabot version: 0.117.0 (api) - DEBUG - POST to endpoint: accounts/login/ returned response: <Response [200]>
2021-11-22 14:46:18,407 - instabot version: 0.117.0 (api) - INFO - Logged-in successfully as 'avax.indumentaria'!
2021-11-22 14:46:18,407 - instabot version: 0.117.0 (api_login) - INFO - LOGIN FLOW! Just logged-in: True
2021-11-22 14:46:18,934 - instabot version: 0.117.0 (api) - DEBUG - POST to endpoint: qe/sync/ returned response: <Response [200]>
2021-11-22 14:46:19,172 - instabot version: 0.117.0 (api) - DEBUG - POST to endpoint: launcher/sync/ returned response: <Response [200]>
2021-11-22 14:46:19,391 - instabot version: 0.117.0 (api) - DEBUG - GET to endpoint: zr/token/result/?device_id=android-ad9f5fbb58376bfb&token_hash=&custom_device_id=android-ad9f5fbb58376bfb&fetch_reason=token_expired returned response: <Response [200]>
2021-11-22 14:46:19,614 - instabot version: 0.117.0 (api) - DEBUG - GET to endpoint: multiple_accounts/get_account_family/ returned response: <Response [200]>
2021-11-22 14:46:22,680 - instabot version: 0.117.0 (api) - DEBUG - POST to endpoint: qe/sync/ returned response: <Response [200]>
2021-11-22 14:46:23,452 - instabot version: 0.117.0 (api) - DEBUG - GET to endpoint: igtv/browse_feed/?prefetch=1 returned response: <Response [200]>
2021-11-22 14:46:23,674 - instabot version: 0.117.0 (api) - DEBUG - POST to endpoint: creatives/ar_class/ returned response: <Response [200]>
2021-11-22 14:46:25,002 - instabot version: 0.117.0 (api) - DEBUG - POST to endpoint: feed/reels_tray/ returned response: <Response [200]>
2021-11-22 14:46:26,998 - instabot version: 0.117.0 (api) - DEBUG - POST to endpoint: feed/timeline/ returned response: <Response [200]>
2021-11-22 14:46:27,212 - instabot version: 0.117.0 (api) - DEBUG - GET to endpoint: media/blocked/ returned response: <Response [200]>
2021-11-22 14:46:27,720 - instabot version: 0.117.0 (api) - DEBUG - GET to endpoint: news/inbox/ returned response: <Response [200]>
2021-11-22 14:46:27,995 - instabot version: 0.117.0 (api) - DEBUG - GET to endpoint: loom/fetch_config/ returned response: <Response [200]>
2021-11-22 14:46:28,670 - instabot version: 0.117.0 (api) - DEBUG - GET to endpoint: scores/bootstrap/users/?surfaces=["autocomplete_user_list","coefficient_besties_list_ranking","coefficient_rank_recipient_user_suggestion","coefficient_ios_section_test_bootstrap_ranking","coefficient_direct_recipients_ranking_variant_2"] returned response: <Response [200]>
2021-11-22 14:46:29,680 - instabot version: 0.117.0 (api) - DEBUG - GET to endpoint: business/eligibility/get_monetization_products_eligibility_data/?product_types=branded_content returned response: <Response [200]>
2021-11-22 14:46:29,902 - instabot version: 0.117.0 (api) - DEBUG - GET to endpoint: business/branded_content/should_require_professional_account/ returned response: <Response [200]>
2021-11-22 14:46:30,424 - instabot version: 0.117.0 (api) - DEBUG - GET to endpoint: linked_accounts/get_linkage_status/ returned response: <Response [200]>
2021-11-22 14:46:30,644 - instabot version: 0.117.0 (api) - DEBUG - GET to endpoint: locations/request_country/ returned response: <Response [200]>
2021-11-22 14:46:30,862 - instabot version: 0.117.0 (api) - DEBUG - GET to endpoint: qp/get_cooldowns/?signed_body=signed_body=4b9c516a5410a3bc128e09c6104a7f042146b9c2023870560c63a43a7f66781c.4&ig_sig_key_version=4&ig_sig_key_version=4 returned response: <Response [200]>
2021-11-22 14:46:31,963 - instabot version: 0.117.0 (api) - DEBUG - GET to endpoint: users/arlink_download_info/?version_override=2.2.1 returned response: <Response [200]>
2021-11-22 14:46:32,658 - instabot version: 0.117.0 (api) - DEBUG - GET to endpoint: users/50137885539/info/ returned response: <Response [200]>
2021-11-22 14:46:33,234 - instabot version: 0.117.0 (api) - DEBUG - GET to endpoint: direct_v2/get_presence/ returned response: <Response [200]>
2021-11-22 14:46:33,572 - instabot version: 0.117.0 (api) - DEBUG - GET to endpoint: direct_v2/inbox/?visual_message_return_type=unseen&thread_message_limit=10&persistentBadging=true&limit=20 returned response: <Response [200]>
2021-11-22 14:46:33,844 - instabot version: 0.117.0 (api) - DEBUG - GET to endpoint: direct_v2/inbox/?visual_message_return_type=unseen&persistentBadging=true&limit=0 returned response: <Response [200]>
2021-11-22 14:46:34,988 - instabot version: 0.117.0 (api) - DEBUG - GET to endpoint: discover/topical_explore/?is_prefetch=true&omit_cover_media=true&use_sectional_payload=true&timezone_offset=0&session_id=68fc393c-f560-494c-b08c-2f860b45d343&include_fixed_destinations=true returned response: <Response [200]>
2021-11-22 14:46:37,233 - instabot version: 0.117.0 (api) - DEBUG - POST to endpoint: notifications/badge/ returned response: <Response [200]>
2021-11-22 14:46:37,546 - instabot version: 0.117.0 (api) - DEBUG - POST to endpoint: qp/batch_fetch/ returned response: <Response [200]>
2021-11-22 14:46:37,547 - instabot version: 0.117.0 (bot_checkpoint) - DEBUG - Loading Checkpoint file from: C:\Users\Laureano\Documents\Developing\Python\InstagramBot/config/avax.indumentaria.checkpoint
2021-11-22 14:46:38,292 - instabot version: 0.117.0 (api) - DEBUG - GET to endpoint: users/50137885539/info/ returned response: <Response [200]>
2021-11-22 14:46:38,813 - instabot version: 0.117.0 (api) - DEBUG - GET to endpoint: friendships/50137885539/followers/?rank_token=50137885539_18a18947-a9ca-4235-ab26-04fd5fe2cfcc returned response: <Response [200]>
2021-11-22 14:46:39,686 - instabot version: 0.117.0 (api) - DEBUG - GET to endpoint: users/48245188681/info/ returned response: <Response [200]>
2021-11-22 14:46:40,020 - instabot version: 0.117.0 (api) - DEBUG - POST to endpoint: direct_v2/inbox/ returned response: <Response [200]>
2021-11-22 14:46:40,343 - instabot version: 0.117.0 (api) - DEBUG - POST to endpoint: direct_v2/inbox/ returned response: <Response [200]>
2021-11-22 14:46:42,368 - instabot version: 0.117.0 (bot_checkpoint) - DEBUG - Saving Checkpoint file to: C:\Users\Laureano\Documents\Developing\Python\InstagramBot/config/avax.indumentaria.checkpoint
2021-11-22 14:46:42,368 - instabot version: 0.117.0 (bot) - INFO - Total requests: 41
